<?xml version="1.0" encoding="UTF-8"?>
<!-- Generated by org.testng.reporters.JUnitReportReporter -->
<testsuite hostname="LAPTOP-2QJ21VUI" failures="0" tests="1" name="Baseclasses.Firstclass" time="2.301" errors="0" timestamp="2025-06-11T16:03:05 IST" skipped="0">
  <testcase classname="Baseclasses.Firstclass" name="operation" time="2.301"/>
</testsuite> <!-- Baseclasses.Firstclass -->
