<?xml version="1.0" encoding="UTF-8"?>
<!-- Generated by org.testng.reporters.JUnitReportReporter -->
<testsuite hostname="LAPTOP-2QJ21VUI" failures="0" tests="8" name="testclasses.LocatorsDemo" time="14.817" errors="0" timestamp="2025-06-22T07:38:15 IST" skipped="0">
  <testcase classname="testclasses.LocatorsDemo" name="loginButtonClicked" time="0.084"/>
  <testcase classname="testclasses.LocatorsDemo" name="enterUsername" time="0.084"/>
  <testcase classname="testclasses.LocatorsDemo" name="enterPassword" time="0.788"/>
  <testcase classname="testclasses.LocatorsDemo" name="signInButton" time="0.249"/>
  <testcase classname="testclasses.LocatorsDemo" name="clickOnTabletOption" time="5.553"/>
  <testcase classname="testclasses.LocatorsDemo" name="tableView" time="4.009"/>
  <testcase classname="testclasses.LocatorsDemo" name="addToCart" time="3.960"/>
  <testcase classname="testclasses.LocatorsDemo" name="CartView" time="0.090"/>
</testsuite> <!-- testclasses.LocatorsDemo -->
