<?xml version="1.0" encoding="UTF-8"?>
<!-- Generated by org.testng.reporters.JUnitReportReporter -->
<testsuite hostname="LAPTOP-2QJ21VUI" failures="0" tests="6" name="testclasses.Thridclass" time="0.066" errors="0" timestamp="2025-06-22T09:09:39 IST" skipped="0">
  <testcase classname="testclasses.Thridclass" name="fristOperation" time="0.022"/>
  <testcase classname="testclasses.Thridclass" name="secondOperation" time="0.009"/>
  <testcase classname="testclasses.Thridclass" name="thirdOperation" time="0.015"/>
  <testcase classname="testclasses.Thridclass" name="fourthOperation" time="0.008"/>
  <testcase classname="testclasses.Thridclass" name="fifthOperation" time="0.010"/>
  <testcase classname="testclasses.Thridclass" name="testValidLoginTest" time="0.002"/>
</testsuite> <!-- testclasses.Thridclass -->
