<?xml version="1.0" encoding="UTF-8"?>
<!-- Generated by org.testng.reporters.JUnitReportReporter -->
<testsuite hostname="LAPTOP-2QJ21VUI" failures="0" tests="1" name="testclasses.Thridclass" time="98.673" errors="0" timestamp="2025-06-19T13:02:18 IST" skipped="0">
  <testcase classname="testclasses.Thridclass" name="loginPageOpeeration" time="98.673"/>
</testsuite> <!-- testclasses.Thridclass -->
